<?xml version="1.0" encoding="UTF-8"?>
<testng-results skipped="0" failed="1" total="1" passed="0">
  <reporter-output>
  </reporter-output>
  <suite name="Default suite" duration-ms="47078" started-at="2016-09-19T04:46:13Z" finished-at="2016-09-19T04:47:00Z">
    <groups>
    </groups>
    <test name="Default test" duration-ms="47078" started-at="2016-09-19T04:46:13Z" finished-at="2016-09-19T04:47:00Z">
      <class name="com.SpringerNature.Testcases.Search_UnHappyPath">
        <test-method status="FAIL" signature="search_function_unhappypath()[pri:0, instance:com.SpringerNature.Testcases.Search_UnHappyPath@17828eb]" name="search_function_unhappypath" duration-ms="47050" started-at="2016-09-19T10:16:13Z" finished-at="2016-09-19T10:17:00Z">
          <exception class="org.openqa.selenium.WebDriverException">
            <message>
              <![CDATA[Failed to connect to binary FirefoxBinary(C:\Program Files (x86)\Mozilla Firefox\firefox.exe) on port 7055; process output follows: 
3.0"}],"targetPlatforms":[],"multiprocessCompatible":false,"signedState":2,"seen":true}
1474260377567	DeferredSave.extensions.json	DEBUG	Save changes
1474260377567	addons.xpi	DEBUG	Updating database with changes to installed add-ons
1474260377567	addons.xpi-utils	DEBUG	Updating add-on states
1474260377568	addons.xpi-utils	DEBUG	Writing add-ons list
1474260377571	addons.xpi	DEBUG	Registering manifest for C:\Program Files (x86)\Mozilla Firefox\browser\features\e10srollout@mozilla.org.xpi
1474260377572	addons.xpi	DEBUG	Calling bootstrap method startup on e10srollout@mozilla.org version 1.0
1474260377572	addons.xpi	DEBUG	Registering manifest for C:\Program Files (x86)\Mozilla Firefox\browser\features\firefox@getpocket.com.xpi
1474260377572	addons.xpi	DEBUG	Calling bootstrap method startup on firefox@getpocket.com version 1.0.2
1474260377574	addons.xpi	DEBUG	Registering manifest for C:\Program Files (x86)\Mozilla Firefox\browser\features\loop@mozilla.org.xpi
1474260377575	addons.xpi	DEBUG	Calling bootstrap method startup on loop@mozilla.org version 1.3.2
1474260377599	addons.xpi	DEBUG	Registering manifest for C:\Program Files (x86)\Mozilla Firefox\browser\extensions\{82AF8DCA-6DE9-405D-BD5E-43525BDAD38A}.xpi
1474260377600	addons.xpi	DEBUG	Calling bootstrap method startup on {82AF8DCA-6DE9-405D-BD5E-43525BDAD38A} version 8.3.0.9150
1474260377603	addons.manager	DEBUG	Registering shutdown blocker for XPIProvider
1474260377604	addons.manager	DEBUG	Provider finished startup: XPIProvider
1474260377604	addons.manager	DEBUG	Starting provider: LightweightThemeManager
1474260377604	addons.manager	DEBUG	Registering shutdown blocker for LightweightThemeManager
1474260377604	addons.manager	DEBUG	Provider finished startup: LightweightThemeManager
1474260377605	addons.manager	DEBUG	Starting provider: GMPProvider
1474260377614	addons.manager	DEBUG	Registering shutdown blocker for GMPProvider
1474260377614	addons.manager	DEBUG	Provider finished startup: GMPProvider
1474260377614	addons.manager	DEBUG	Starting provider: PluginProvider
1474260377615	addons.manager	DEBUG	Registering shutdown blocker for PluginProvider
1474260377615	addons.manager	DEBUG	Provider finished startup: PluginProvider
1474260377616	addons.manager	DEBUG	Completed startup sequence
1474260379667	addons.manager	DEBUG	Starting provider: <unnamed-provider>
1474260379667	addons.manager	DEBUG	Registering shutdown blocker for <unnamed-provider>
1474260379667	addons.manager	DEBUG	Provider finished startup: <unnamed-provider>
JavaScript warning: resource://gre/modules/commonjs/toolkit/loader.js -> resource://gre/modules/commonjs/sdk/system/environment.js, line 15: Proxy.create and Proxy.createFunction are deprecated, use new Proxy instead
1474260380133	DeferredSave.extensions.json	DEBUG	Write succeeded
1474260380134	addons.xpi-utils	DEBUG	XPI Database saved, setting schema version preference to 17
1474260380134	DeferredSave.extensions.json	DEBUG	Starting timer
1474260380155	addons.repository	DEBUG	No addons.json found.
1474260380155	DeferredSave.addons.json	DEBUG	Save changes
1474260380158	DeferredSave.addons.json	DEBUG	Starting timer
1474260380190	addons.manager	DEBUG	Starting provider: PreviousExperimentProvider
1474260380191	addons.manager	DEBUG	Registering shutdown blocker for PreviousExperimentProvider
1474260380191	addons.manager	DEBUG	Provider finished startup: PreviousExperimentProvider
1474260380193	DeferredSave.extensions.json	DEBUG	Starting write
1474260380258	DeferredSave.addons.json	DEBUG	Starting write
1474260380338	DeferredSave.extensions.json	DEBUG	Write succeeded
1474260380352	DeferredSave.addons.json	DEBUG	Write succeeded
JavaScript error: https://support.skype.com/en/faq/FA34612/what-is-the-skype-extension, line 1: TypeError: require is not a function
JavaScript error: https://support.skype.com/en/faq/FA34612/what-is-the-skype-extension, line 1: ReferenceError: define is not defined
JavaScript error: https://support.skype.com/en/faq/FA34612/what-is-the-skype-extension, line 11: TypeError: SUPSITE.log is not a function

Build info: version: '2.52.0', revision: '4c2593c', time: '2016-02-11 19:06:42'
System info: host: 'Dell-PC', ip: '192.168.0.14', os.name: 'Windows 7', os.arch: 'x86', os.version: '6.1', java.version: '1.7.0_02'
Driver info: driver.version: FirefoxDriver]]>
            </message>
            <full-stacktrace>
              <![CDATA[org.openqa.selenium.WebDriverException: Failed to connect to binary FirefoxBinary(C:\Program Files (x86)\Mozilla Firefox\firefox.exe) on port 7055; process output follows: 
3.0"}],"targetPlatforms":[],"multiprocessCompatible":false,"signedState":2,"seen":true}
1474260377567	DeferredSave.extensions.json	DEBUG	Save changes
1474260377567	addons.xpi	DEBUG	Updating database with changes to installed add-ons
1474260377567	addons.xpi-utils	DEBUG	Updating add-on states
1474260377568	addons.xpi-utils	DEBUG	Writing add-ons list
1474260377571	addons.xpi	DEBUG	Registering manifest for C:\Program Files (x86)\Mozilla Firefox\browser\features\e10srollout@mozilla.org.xpi
1474260377572	addons.xpi	DEBUG	Calling bootstrap method startup on e10srollout@mozilla.org version 1.0
1474260377572	addons.xpi	DEBUG	Registering manifest for C:\Program Files (x86)\Mozilla Firefox\browser\features\firefox@getpocket.com.xpi
1474260377572	addons.xpi	DEBUG	Calling bootstrap method startup on firefox@getpocket.com version 1.0.2
1474260377574	addons.xpi	DEBUG	Registering manifest for C:\Program Files (x86)\Mozilla Firefox\browser\features\loop@mozilla.org.xpi
1474260377575	addons.xpi	DEBUG	Calling bootstrap method startup on loop@mozilla.org version 1.3.2
1474260377599	addons.xpi	DEBUG	Registering manifest for C:\Program Files (x86)\Mozilla Firefox\browser\extensions\{82AF8DCA-6DE9-405D-BD5E-43525BDAD38A}.xpi
1474260377600	addons.xpi	DEBUG	Calling bootstrap method startup on {82AF8DCA-6DE9-405D-BD5E-43525BDAD38A} version 8.3.0.9150
1474260377603	addons.manager	DEBUG	Registering shutdown blocker for XPIProvider
1474260377604	addons.manager	DEBUG	Provider finished startup: XPIProvider
1474260377604	addons.manager	DEBUG	Starting provider: LightweightThemeManager
1474260377604	addons.manager	DEBUG	Registering shutdown blocker for LightweightThemeManager
1474260377604	addons.manager	DEBUG	Provider finished startup: LightweightThemeManager
1474260377605	addons.manager	DEBUG	Starting provider: GMPProvider
1474260377614	addons.manager	DEBUG	Registering shutdown blocker for GMPProvider
1474260377614	addons.manager	DEBUG	Provider finished startup: GMPProvider
1474260377614	addons.manager	DEBUG	Starting provider: PluginProvider
1474260377615	addons.manager	DEBUG	Registering shutdown blocker for PluginProvider
1474260377615	addons.manager	DEBUG	Provider finished startup: PluginProvider
1474260377616	addons.manager	DEBUG	Completed startup sequence
1474260379667	addons.manager	DEBUG	Starting provider: <unnamed-provider>
1474260379667	addons.manager	DEBUG	Registering shutdown blocker for <unnamed-provider>
1474260379667	addons.manager	DEBUG	Provider finished startup: <unnamed-provider>
JavaScript warning: resource://gre/modules/commonjs/toolkit/loader.js -> resource://gre/modules/commonjs/sdk/system/environment.js, line 15: Proxy.create and Proxy.createFunction are deprecated, use new Proxy instead
1474260380133	DeferredSave.extensions.json	DEBUG	Write succeeded
1474260380134	addons.xpi-utils	DEBUG	XPI Database saved, setting schema version preference to 17
1474260380134	DeferredSave.extensions.json	DEBUG	Starting timer
1474260380155	addons.repository	DEBUG	No addons.json found.
1474260380155	DeferredSave.addons.json	DEBUG	Save changes
1474260380158	DeferredSave.addons.json	DEBUG	Starting timer
1474260380190	addons.manager	DEBUG	Starting provider: PreviousExperimentProvider
1474260380191	addons.manager	DEBUG	Registering shutdown blocker for PreviousExperimentProvider
1474260380191	addons.manager	DEBUG	Provider finished startup: PreviousExperimentProvider
1474260380193	DeferredSave.extensions.json	DEBUG	Starting write
1474260380258	DeferredSave.addons.json	DEBUG	Starting write
1474260380338	DeferredSave.extensions.json	DEBUG	Write succeeded
1474260380352	DeferredSave.addons.json	DEBUG	Write succeeded
JavaScript error: https://support.skype.com/en/faq/FA34612/what-is-the-skype-extension, line 1: TypeError: require is not a function
JavaScript error: https://support.skype.com/en/faq/FA34612/what-is-the-skype-extension, line 1: ReferenceError: define is not defined
JavaScript error: https://support.skype.com/en/faq/FA34612/what-is-the-skype-extension, line 11: TypeError: SUPSITE.log is not a function

Build info: version: '2.52.0', revision: '4c2593c', time: '2016-02-11 19:06:42'
System info: host: 'Dell-PC', ip: '192.168.0.14', os.name: 'Windows 7', os.arch: 'x86', os.version: '6.1', java.version: '1.7.0_02'
Driver info: driver.version: FirefoxDriver
	at org.openqa.selenium.firefox.internal.NewProfileExtensionConnection.start(NewProfileExtensionConnection.java:124)
	at org.openqa.selenium.firefox.FirefoxDriver.startClient(FirefoxDriver.java:271)
	at org.openqa.selenium.remote.RemoteWebDriver.<init>(RemoteWebDriver.java:119)
	at org.openqa.selenium.firefox.FirefoxDriver.<init>(FirefoxDriver.java:218)
	at org.openqa.selenium.firefox.FirefoxDriver.<init>(FirefoxDriver.java:211)
	at org.openqa.selenium.firefox.FirefoxDriver.<init>(FirefoxDriver.java:207)
	at org.openqa.selenium.firefox.FirefoxDriver.<init>(FirefoxDriver.java:120)
	at com.SpringerNature.Testcases.Search_UnHappyPath.search_function_unhappypath(Search_UnHappyPath.java:17)
	at sun.reflect.NativeMethodAccessorImpl.invoke0(Native Method)
	at sun.reflect.NativeMethodAccessorImpl.invoke(NativeMethodAccessorImpl.java:57)
	at sun.reflect.DelegatingMethodAccessorImpl.invoke(DelegatingMethodAccessorImpl.java:43)
	at java.lang.reflect.Method.invoke(Method.java:601)
	at org.testng.internal.MethodInvocationHelper.invokeMethod(MethodInvocationHelper.java:85)
	at org.testng.internal.Invoker.invokeMethod(Invoker.java:639)
	at org.testng.internal.Invoker.invokeTestMethod(Invoker.java:816)
	at org.testng.internal.Invoker.invokeTestMethods(Invoker.java:1124)
	at org.testng.internal.TestMethodWorker.invokeTestMethods(TestMethodWorker.java:125)
	at org.testng.internal.TestMethodWorker.run(TestMethodWorker.java:108)
	at org.testng.TestRunner.privateRun(TestRunner.java:774)
	at org.testng.TestRunner.run(TestRunner.java:624)
	at org.testng.SuiteRunner.runTest(SuiteRunner.java:359)
	at org.testng.SuiteRunner.runSequentially(SuiteRunner.java:354)
	at org.testng.SuiteRunner.privateRun(SuiteRunner.java:312)
	at org.testng.SuiteRunner.run(SuiteRunner.java:261)
	at org.testng.SuiteRunnerWorker.runSuite(SuiteRunnerWorker.java:52)
	at org.testng.SuiteRunnerWorker.run(SuiteRunnerWorker.java:86)
	at org.testng.TestNG.runSuitesSequentially(TestNG.java:1215)
	at org.testng.TestNG.runSuitesLocally(TestNG.java:1140)
	at org.testng.TestNG.run(TestNG.java:1048)
	at org.testng.remote.AbstractRemoteTestNG.run(AbstractRemoteTestNG.java:126)
	at org.testng.remote.RemoteTestNG.initAndRun(RemoteTestNG.java:137)
	at org.testng.remote.RemoteTestNG.main(RemoteTestNG.java:58)
Caused by: org.openqa.selenium.firefox.NotConnectedException: Unable to connect to host 127.0.0.1 on port 7055 after 45000 ms. Firefox console output:
3.0"}],"targetPlatforms":[],"multiprocessCompatible":false,"signedState":2,"seen":true}
1474260377567	DeferredSave.extensions.json	DEBUG	Save changes
1474260377567	addons.xpi	DEBUG	Updating database with changes to installed add-ons
1474260377567	addons.xpi-utils	DEBUG	Updating add-on states
1474260377568	addons.xpi-utils	DEBUG	Writing add-ons list
1474260377571	addons.xpi	DEBUG	Registering manifest for C:\Program Files (x86)\Mozilla Firefox\browser\features\e10srollout@mozilla.org.xpi
1474260377572	addons.xpi	DEBUG	Calling bootstrap method startup on e10srollout@mozilla.org version 1.0
1474260377572	addons.xpi	DEBUG	Registering manifest for C:\Program Files (x86)\Mozilla Firefox\browser\features\firefox@getpocket.com.xpi
1474260377572	addons.xpi	DEBUG	Calling bootstrap method startup on firefox@getpocket.com version 1.0.2
1474260377574	addons.xpi	DEBUG	Registering manifest for C:\Program Files (x86)\Mozilla Firefox\browser\features\loop@mozilla.org.xpi
1474260377575	addons.xpi	DEBUG	Calling bootstrap method startup on loop@mozilla.org version 1.3.2
1474260377599	addons.xpi	DEBUG	Registering manifest for C:\Program Files (x86)\Mozilla Firefox\browser\extensions\{82AF8DCA-6DE9-405D-BD5E-43525BDAD38A}.xpi
1474260377600	addons.xpi	DEBUG	Calling bootstrap method startup on {82AF8DCA-6DE9-405D-BD5E-43525BDAD38A} version 8.3.0.9150
1474260377603	addons.manager	DEBUG	Registering shutdown blocker for XPIProvider
1474260377604	addons.manager	DEBUG	Provider finished startup: XPIProvider
1474260377604	addons.manager	DEBUG	Starting provider: LightweightThemeManager
1474260377604	addons.manager	DEBUG	Registering shutdown blocker for LightweightThemeManager
1474260377604	addons.manager	DEBUG	Provider finished startup: LightweightThemeManager
1474260377605	addons.manager	DEBUG	Starting provider: GMPProvider
1474260377614	addons.manager	DEBUG	Registering shutdown blocker for GMPProvider
1474260377614	addons.manager	DEBUG	Provider finished startup: GMPProvider
1474260377614	addons.manager	DEBUG	Starting provider: PluginProvider
1474260377615	addons.manager	DEBUG	Registering shutdown blocker for PluginProvider
1474260377615	addons.manager	DEBUG	Provider finished startup: PluginProvider
1474260377616	addons.manager	DEBUG	Completed startup sequence
1474260379667	addons.manager	DEBUG	Starting provider: <unnamed-provider>
1474260379667	addons.manager	DEBUG	Registering shutdown blocker for <unnamed-provider>
1474260379667	addons.manager	DEBUG	Provider finished startup: <unnamed-provider>
JavaScript warning: resource://gre/modules/commonjs/toolkit/loader.js -> resource://gre/modules/commonjs/sdk/system/environment.js, line 15: Proxy.create and Proxy.createFunction are deprecated, use new Proxy instead
1474260380133	DeferredSave.extensions.json	DEBUG	Write succeeded
1474260380134	addons.xpi-utils	DEBUG	XPI Database saved, setting schema version preference to 17
1474260380134	DeferredSave.extensions.json	DEBUG	Starting timer
1474260380155	addons.repository	DEBUG	No addons.json found.
1474260380155	DeferredSave.addons.json	DEBUG	Save changes
1474260380158	DeferredSave.addons.json	DEBUG	Starting timer
1474260380190	addons.manager	DEBUG	Starting provider: PreviousExperimentProvider
1474260380191	addons.manager	DEBUG	Registering shutdown blocker for PreviousExperimentProvider
1474260380191	addons.manager	DEBUG	Provider finished startup: PreviousExperimentProvider
1474260380193	DeferredSave.extensions.json	DEBUG	Starting write
1474260380258	DeferredSave.addons.json	DEBUG	Starting write
1474260380338	DeferredSave.extensions.json	DEBUG	Write succeeded
1474260380352	DeferredSave.addons.json	DEBUG	Write succeeded
JavaScript error: https://support.skype.com/en/faq/FA34612/what-is-the-skype-extension, line 1: TypeError: require is not a function
JavaScript error: https://support.skype.com/en/faq/FA34612/what-is-the-skype-extension, line 1: ReferenceError: define is not defined
JavaScript error: https://support.skype.com/en/faq/FA34612/what-is-the-skype-extension, line 11: TypeError: SUPSITE.log is not a function

	at org.openqa.selenium.firefox.internal.NewProfileExtensionConnection.start(NewProfileExtensionConnection.java:112)
	... 31 more
]]>
            </full-stacktrace>
          </exception> <!-- org.openqa.selenium.WebDriverException -->
          <reporter-output>
          </reporter-output>
        </test-method> <!-- search_function_unhappypath -->
      </class> <!-- com.SpringerNature.Testcases.Search_UnHappyPath -->
    </test> <!-- Default test -->
  </suite> <!-- Default suite -->
</testng-results>
